<?xml version="1.0" encoding="UTF-8" ?>
<testsuite tests="2" failures="0" name="com.polarion.demo.LibraryTest" time="0.076" errors="0" skipped="0">
  <properties>
    <property name="java.runtime.name" value="Java(TM) SE Runtime Environment"/>
    <property name="sun.boot.library.path" value="/usr/java/jdk1.8.0_66/jre/lib/amd64"/>
    <property name="java.vm.version" value="25.66-b17"/>
    <property name="java.vm.vendor" value="Oracle Corporation"/>
    <property name="java.vendor.url" value="http://java.oracle.com/"/>
    <property name="path.separator" value=":"/>
    <property name="java.vm.name" value="Java HotSpot(TM) 64-Bit Server VM"/>
    <property name="file.encoding.pkg" value="sun.io"/>
    <property name="user.country" value="US"/>
    <property name="sun.java.launcher" value="SUN_STANDARD"/>
    <property name="sun.os.patch.level" value="unknown"/>
    <property name="java.vm.specification.name" value="Java Virtual Machine Specification"/>
    <property name="user.dir" value="/opt/polarion/data/workspace/polarion-data/jobs/20160302-2356/sources/elibrary/elibrary/elibrary/null"/>
    <property name="java.runtime.version" value="1.8.0_66-b17"/>
    <property name="java.awt.graphicsenv" value="sun.awt.X11GraphicsEnvironment"/>
    <property name="basedir" value="/opt/polarion/data/workspace/polarion-data/jobs/20160302-2356/sources/elibrary/elibrary/elibrary/null"/>
    <property name="java.endorsed.dirs" value="/usr/java/jdk1.8.0_66/jre/lib/endorsed"/>
    <property name="os.arch" value="amd64"/>
    <property name="surefire.real.class.path" value="/tmp/surefirebooter1935177733207766608.jar"/>
    <property name="java.io.tmpdir" value="/tmp"/>
    <property name="line.separator" value="
"/>
    <property name="java.vm.specification.vendor" value="Oracle Corporation"/>
    <property name="os.name" value="Linux"/>
    <property name="sun.jnu.encoding" value="ANSI_X3.4-1968"/>
    <property name="java.library.path" value="/usr/java/packages/lib/amd64:/usr/lib64:/lib64:/lib:/usr/lib"/>
    <property name="surefire.test.class.path" value="/opt/polarion/data/workspace/polarion-data/jobs/20160302-2356/sources/elibrary/elibrary/elibrary/null/target/test-classes:/opt/polarion/data/workspace/polarion-data/jobs/20160302-2356/sources/elibrary/elibrary/elibrary/null/target/classes:/opt/polarion/data/workspace/polarion-data/jobs/20160302-2356/_maven-repo/junit/junit/3.8.1/junit-3.8.1.jar:/opt/polarion/data/workspace/polarion-data/jobs/20160302-2356/_maven-repo/log4j/log4j/1.2.8/log4j-1.2.8.jar:/opt/polarion/data/workspace/polarion-data/jobs/20160302-2356/_maven-repo/commons-configuration/commons-configuration/1.2/commons-configuration-1.2.jar:/opt/polarion/data/workspace/polarion-data/jobs/20160302-2356/_maven-repo/commons-collections/commons-collections/3.1/commons-collections-3.1.jar:/opt/polarion/data/workspace/polarion-data/jobs/20160302-2356/_maven-repo/commons-lang/commons-lang/2.1/commons-lang-2.1.jar:/opt/polarion/data/workspace/polarion-data/jobs/20160302-2356/_maven-repo/dom4j/dom4j/1.4/dom4j-1.4.jar:/opt/polarion/data/workspace/polarion-data/jobs/20160302-2356/_maven-repo/xml-apis/xml-apis/1.0.b2/xml-apis-1.0.b2.jar:/opt/polarion/data/workspace/polarion-data/jobs/20160302-2356/_maven-repo/jaxen/jaxen/1.0-FCS/jaxen-1.0-FCS.jar:/opt/polarion/data/workspace/polarion-data/jobs/20160302-2356/_maven-repo/saxpath/saxpath/1.0-FCS/saxpath-1.0-FCS.jar:/opt/polarion/data/workspace/polarion-data/jobs/20160302-2356/_maven-repo/msv/msv/20020414/msv-20020414.jar:/opt/polarion/data/workspace/polarion-data/jobs/20160302-2356/_maven-repo/relaxngDatatype/relaxngDatatype/20020414/relaxngDatatype-20020414.jar:/opt/polarion/data/workspace/polarion-data/jobs/20160302-2356/_maven-repo/isorelax/isorelax/20020414/isorelax-20020414.jar:/opt/polarion/data/workspace/polarion-data/jobs/20160302-2356/_maven-repo/commons-logging/commons-logging-api/1.0.4/commons-logging-api-1.0.4.jar:/opt/polarion/data/workspace/polarion-data/jobs/20160302-2356/_maven-repo/commons-digester/commons-digester/1.6/commons-digester-1.6.jar:/opt/polarion/data/workspace/polarion-data/jobs/20160302-2356/_maven-repo/commons-beanutils/commons-beanutils/1.6/commons-beanutils-1.6.jar:/opt/polarion/data/workspace/polarion-data/jobs/20160302-2356/_maven-repo/commons-logging/commons-logging/1.0/commons-logging-1.0.jar:/opt/polarion/data/workspace/polarion-data/jobs/20160302-2356/_maven-repo/commons-beanutils/commons-beanutils-core/1.7.0/commons-beanutils-core-1.7.0.jar:/opt/polarion/data/workspace/polarion-data/jobs/20160302-2356/_maven-repo/commons-codec/commons-codec/1.3/commons-codec-1.3.jar:/opt/polarion/data/workspace/polarion-data/jobs/20160302-2356/_maven-repo/xerces/xercesImpl/2.2.1/xercesImpl-2.2.1.jar:/opt/polarion/data/workspace/polarion-data/jobs/20160302-2356/_maven-repo/xalan/xalan/2.7.0/xalan-2.7.0.jar:/opt/polarion/data/workspace/polarion-data/jobs/20160302-2356/_maven-repo/javax/servlet/servlet-api/2.3/servlet-api-2.3.jar:/opt/polarion/data/workspace/polarion-data/jobs/20160302-2356/_maven-repo/commons-primitives/commons-primitives/1.0/commons-primitives-1.0.jar:"/>
    <property name="java.specification.name" value="Java Platform API Specification"/>
    <property name="java.class.version" value="52.0"/>
    <property name="sun.management.compiler" value="HotSpot 64-Bit Tiered Compilers"/>
    <property name="os.version" value="2.6.32-279.el6.x86_64"/>
    <property name="user.home" value="/opt/polarion/data"/>
    <property name="user.timezone" value=""/>
    <property name="java.awt.printerjob" value="sun.print.PSPrinterJob"/>
    <property name="file.encoding" value="ANSI_X3.4-1968"/>
    <property name="java.specification.version" value="1.8"/>
    <property name="user.name" value="polarion"/>
    <property name="java.class.path" value="/opt/polarion/data/workspace/polarion-data/jobs/20160302-2356/sources/elibrary/elibrary/elibrary/null/target/test-classes:/opt/polarion/data/workspace/polarion-data/jobs/20160302-2356/sources/elibrary/elibrary/elibrary/null/target/classes:/opt/polarion/data/workspace/polarion-data/jobs/20160302-2356/_maven-repo/junit/junit/3.8.1/junit-3.8.1.jar:/opt/polarion/data/workspace/polarion-data/jobs/20160302-2356/_maven-repo/log4j/log4j/1.2.8/log4j-1.2.8.jar:/opt/polarion/data/workspace/polarion-data/jobs/20160302-2356/_maven-repo/commons-configuration/commons-configuration/1.2/commons-configuration-1.2.jar:/opt/polarion/data/workspace/polarion-data/jobs/20160302-2356/_maven-repo/commons-collections/commons-collections/3.1/commons-collections-3.1.jar:/opt/polarion/data/workspace/polarion-data/jobs/20160302-2356/_maven-repo/commons-lang/commons-lang/2.1/commons-lang-2.1.jar:/opt/polarion/data/workspace/polarion-data/jobs/20160302-2356/_maven-repo/dom4j/dom4j/1.4/dom4j-1.4.jar:/opt/polarion/data/workspace/polarion-data/jobs/20160302-2356/_maven-repo/xml-apis/xml-apis/1.0.b2/xml-apis-1.0.b2.jar:/opt/polarion/data/workspace/polarion-data/jobs/20160302-2356/_maven-repo/jaxen/jaxen/1.0-FCS/jaxen-1.0-FCS.jar:/opt/polarion/data/workspace/polarion-data/jobs/20160302-2356/_maven-repo/saxpath/saxpath/1.0-FCS/saxpath-1.0-FCS.jar:/opt/polarion/data/workspace/polarion-data/jobs/20160302-2356/_maven-repo/msv/msv/20020414/msv-20020414.jar:/opt/polarion/data/workspace/polarion-data/jobs/20160302-2356/_maven-repo/relaxngDatatype/relaxngDatatype/20020414/relaxngDatatype-20020414.jar:/opt/polarion/data/workspace/polarion-data/jobs/20160302-2356/_maven-repo/isorelax/isorelax/20020414/isorelax-20020414.jar:/opt/polarion/data/workspace/polarion-data/jobs/20160302-2356/_maven-repo/commons-logging/commons-logging-api/1.0.4/commons-logging-api-1.0.4.jar:/opt/polarion/data/workspace/polarion-data/jobs/20160302-2356/_maven-repo/commons-digester/commons-digester/1.6/commons-digester-1.6.jar:/opt/polarion/data/workspace/polarion-data/jobs/20160302-2356/_maven-repo/commons-beanutils/commons-beanutils/1.6/commons-beanutils-1.6.jar:/opt/polarion/data/workspace/polarion-data/jobs/20160302-2356/_maven-repo/commons-logging/commons-logging/1.0/commons-logging-1.0.jar:/opt/polarion/data/workspace/polarion-data/jobs/20160302-2356/_maven-repo/commons-beanutils/commons-beanutils-core/1.7.0/commons-beanutils-core-1.7.0.jar:/opt/polarion/data/workspace/polarion-data/jobs/20160302-2356/_maven-repo/commons-codec/commons-codec/1.3/commons-codec-1.3.jar:/opt/polarion/data/workspace/polarion-data/jobs/20160302-2356/_maven-repo/xerces/xercesImpl/2.2.1/xercesImpl-2.2.1.jar:/opt/polarion/data/workspace/polarion-data/jobs/20160302-2356/_maven-repo/xalan/xalan/2.7.0/xalan-2.7.0.jar:/opt/polarion/data/workspace/polarion-data/jobs/20160302-2356/_maven-repo/javax/servlet/servlet-api/2.3/servlet-api-2.3.jar:/opt/polarion/data/workspace/polarion-data/jobs/20160302-2356/_maven-repo/commons-primitives/commons-primitives/1.0/commons-primitives-1.0.jar:"/>
    <property name="java.vm.specification.version" value="1.8"/>
    <property name="sun.arch.data.model" value="64"/>
    <property name="java.home" value="/usr/java/jdk1.8.0_66/jre"/>
    <property name="sun.java.command" value="/tmp/surefirebooter1935177733207766608.jar /tmp/surefire9202692507069891494tmp /tmp/surefire4121345213935788044tmp"/>
    <property name="java.specification.vendor" value="Oracle Corporation"/>
    <property name="user.language" value="en"/>
    <property name="awt.toolkit" value="sun.awt.X11.XToolkit"/>
    <property name="java.vm.info" value="mixed mode"/>
    <property name="java.version" value="1.8.0_66"/>
    <property name="java.ext.dirs" value="/usr/java/jdk1.8.0_66/jre/lib/ext:/usr/java/packages/lib/ext"/>
    <property name="sun.boot.class.path" value="/usr/java/jdk1.8.0_66/jre/lib/resources.jar:/usr/java/jdk1.8.0_66/jre/lib/rt.jar:/usr/java/jdk1.8.0_66/jre/lib/sunrsasign.jar:/usr/java/jdk1.8.0_66/jre/lib/jsse.jar:/usr/java/jdk1.8.0_66/jre/lib/jce.jar:/usr/java/jdk1.8.0_66/jre/lib/charsets.jar:/usr/java/jdk1.8.0_66/jre/lib/jfr.jar:/usr/java/jdk1.8.0_66/jre/classes"/>
    <property name="java.vendor" value="Oracle Corporation"/>
    <property name="localRepository" value="/opt/polarion/data/workspace/polarion-data/jobs/20160302-2356/_maven-repo"/>
    <property name="file.separator" value="/"/>
    <property name="java.vendor.url.bug" value="http://bugreport.sun.com/bugreport/"/>
    <property name="sun.cpu.endian" value="little"/>
    <property name="sun.io.unicode.encoding" value="UnicodeLittle"/>
    <property name="sun.cpu.isalist" value=""/>
  </properties>
  <testcase classname="com.polarion.demo.LibraryTest" name="testLibrarySearch" time="0.004"/>
  <testcase classname="com.polarion.demo.LibraryTest" name="testLibrarySize" time="0"/>
</testsuite>