<?xml version="1.0" encoding="UTF-8"?>
<factbase artifact="library" id="test-result" tag="20081028_2110">
<structure-element id="root" provider="root" type="root"/>
</factbase>
